2021-07-05 18:19:01 [prepared-sql]:
message : SELECT `wallet`,`coin` FROM `accounts` WHERE `updated_at` > :param1 ORDER BY `updated_at` asc LIMIT 100;

2021-07-05 18:19:02 [sql]:
message : SELECT `wallet`,`coin` FROM `accounts` WHERE `updated_at` > 1625469541 ORDER BY `updated_at` asc LIMIT 100;

2021-07-05 18:19:02 [profile]:
message : excute time : 969.8662109375 ms

2021-07-05 18:19:16 [prepared-sql]:
message : SELECT `wallet`,`coin` FROM `accounts` WHERE `updated_at` > :param1 ORDER BY `updated_at` asc LIMIT 100;

2021-07-05 18:19:17 [sql]:
message : SELECT `wallet`,`coin` FROM `accounts` WHERE `updated_at` > 1625241600 ORDER BY `updated_at` asc LIMIT 100;

2021-07-05 18:19:17 [profile]:
message : excute time : 1082.0278320312 ms

2021-07-05 18:19:18 [prepared-sql]:
message : SELECT `wallet`,`coin` FROM `accounts` WHERE `updated_at` > :param1 ORDER BY `updated_at` asc LIMIT 100;

2021-07-05 18:19:19 [sql]:
message : SELECT `wallet`,`coin` FROM `accounts` WHERE `updated_at` > 1625241600 ORDER BY `updated_at` asc LIMIT 100;

2021-07-05 18:19:19 [profile]:
message : excute time : 1010.5581054688 ms

2021-07-05 18:19:34 [prepared-sql]:
message : SELECT `wallet`,`coin` FROM `accounts` WHERE `updated_at` > :param1 ORDER BY `updated_at` asc LIMIT 100;

2021-07-05 18:19:35 [sql]:
message : SELECT `wallet`,`coin` FROM `accounts` WHERE `updated_at` > 1625155200 ORDER BY `updated_at` asc LIMIT 100;

2021-07-05 18:19:35 [profile]:
message : excute time : 964.06201171875 ms

2021-07-05 18:19:36 [prepared-sql]:
message : SELECT `wallet`,`coin` FROM `accounts` WHERE `updated_at` > :param1 ORDER BY `updated_at` asc LIMIT 100;

2021-07-05 18:19:37 [sql]:
message : SELECT `wallet`,`coin` FROM `accounts` WHERE `updated_at` > 1625155200 ORDER BY `updated_at` asc LIMIT 100;

2021-07-05 18:19:37 [profile]:
message : excute time : 1097.0009765625 ms

2021-07-05 18:19:46 [prepared-sql]:
message : SELECT `wallet`,`coin` FROM `accounts` WHERE `updated_at` > :param1 ORDER BY `updated_at` asc LIMIT 100;

2021-07-05 18:19:47 [sql]:
message : SELECT `wallet`,`coin` FROM `accounts` WHERE `updated_at` > 1625068800 ORDER BY `updated_at` asc LIMIT 100;

2021-07-05 18:19:47 [profile]:
message : excute time : 1110.0390625 ms

2021-07-05 18:20:08 [prepared-sql]:
message : SELECT `wallet`,`coin` FROM `accounts` WHERE `updated_at` > :param1 ORDER BY `updated_at` asc LIMIT 10;

2021-07-05 18:20:09 [sql]:
message : SELECT `wallet`,`coin` FROM `accounts` WHERE `updated_at` > 1625068800 ORDER BY `updated_at` asc LIMIT 10;

2021-07-05 18:20:09 [profile]:
message : excute time : 1046.658203125 ms

2021-07-05 18:20:42 [prepared-sql]:
message : SELECT `wallet`,`coin` FROM `accounts` WHERE `updated_at` > :param1 ORDER BY `updated_at` asc LIMIT 10;

2021-07-05 18:20:43 [sql]:
message : SELECT `wallet`,`coin` FROM `accounts` WHERE `updated_at` > 1625068800 ORDER BY `updated_at` asc LIMIT 10;

2021-07-05 18:20:43 [profile]:
message : excute time : 1243.1950683594 ms

2021-07-05 18:20:45 [prepared-sql]:
message : SELECT `wallet`,`coin` FROM `accounts` WHERE `updated_at` > :param1 ORDER BY `updated_at` asc LIMIT 10;

2021-07-05 18:20:46 [sql]:
message : SELECT `wallet`,`coin` FROM `accounts` WHERE `updated_at` > 1625068800 ORDER BY `updated_at` asc LIMIT 10;

2021-07-05 18:20:46 [profile]:
message : excute time : 978.9111328125 ms

2021-07-05 18:20:56 [prepared-sql]:
message : SELECT `wallet`,`coin` FROM `accounts` WHERE `updated_at` > :param1 ORDER BY `updated_at` asc LIMIT 10;

2021-07-05 18:20:57 [sql]:
message : SELECT `wallet`,`coin` FROM `accounts` WHERE `updated_at` > 1625068800 ORDER BY `updated_at` asc LIMIT 10;

2021-07-05 18:20:57 [profile]:
message : excute time : 1001.3610839844 ms

2021-07-05 18:21:13 [prepared-sql]:
message : SELECT `wallet`,`coin` FROM `accounts` WHERE `updated_at` > :param1 ORDER BY `updated_at` asc LIMIT 10;

2021-07-05 18:21:14 [sql]:
message : SELECT `wallet`,`coin` FROM `accounts` WHERE `updated_at` > 1625068800 ORDER BY `updated_at` asc LIMIT 10;

2021-07-05 18:21:14 [profile]:
message : excute time : 1005.7868652344 ms

2021-07-05 18:21:28 [prepared-sql]:
message : SELECT `wallet`,`coin` FROM `accounts` WHERE `updated_at` > :param1 ORDER BY `updated_at` asc LIMIT 10;

2021-07-05 18:21:29 [sql]:
message : SELECT `wallet`,`coin` FROM `accounts` WHERE `updated_at` > 1625068800 ORDER BY `updated_at` asc LIMIT 10;

2021-07-05 18:21:29 [profile]:
message : excute time : 1139.9870605469 ms

2021-07-05 18:21:35 [prepared-sql]:
message : SELECT `wallet`,`coin` FROM `accounts` WHERE `updated_at` > :param1 ORDER BY `updated_at` asc LIMIT 10;

2021-07-05 18:21:36 [sql]:
message : SELECT `wallet`,`coin` FROM `accounts` WHERE `updated_at` > 1625068800 ORDER BY `updated_at` asc LIMIT 10;

2021-07-05 18:21:36 [profile]:
message : excute time : 1040.5881347656 ms

2021-07-05 18:23:00 [prepared-sql]:
message : SELECT `wallet`,`coin` FROM `accounts` WHERE `updated_at` > :param1 ORDER BY `updated_at` asc LIMIT 100;

2021-07-05 18:23:01 [sql]:
message : SELECT `wallet`,`coin` FROM `accounts` WHERE `updated_at` > 1625068800 ORDER BY `updated_at` asc LIMIT 100;

2021-07-05 18:23:01 [profile]:
message : excute time : 1018.6931152344 ms

